2026-07-08 14:24:22,159 | INFO | workflow.created workflow_id=wf_ai_41162089 name=Generated: launch notepad and notify me
2026-07-08 14:24:41,333 | INFO | workflow.created workflow_id=wf_ai_4167606 name=Generated: organize my downloads folder and researc
2026-07-08 14:24:41,335 | INFO | workflow.updated workflow_id=wf_ai_4167606
2026-07-08 14:25:06,377 | INFO | workflow.created workflow_id=wf_ai_62032610 name=Generated: organize downloads and notify me
2026-07-08 14:25:06,379 | INFO | workflow.updated workflow_id=wf_ai_62032610
2026-07-08 14:25:23,342 | INFO | workflow.created workflow_id=wf_ai_43241000 name=Generated: organize downloads and notify me
2026-07-08 14:25:23,343 | INFO | workflow.updated workflow_id=wf_ai_43241000
2026-07-08 14:25:23,348 | INFO | workflow.triggered workflow_id=wf_ai_43241000 trigger=event
2026-07-08 14:25:23,353 | INFO | workflow.finished workflow_id=wf_ai_43241000 success=False
2026-07-08 14:33:04,837 | INFO | workflow.created workflow_id=wf_ai_96792743 name=Generated: organize downloads and notify me
2026-07-08 14:33:04,839 | INFO | workflow.updated workflow_id=wf_ai_96792743
2026-07-08 14:33:04,839 | INFO | workflow.triggered workflow_id=wf_ai_96792743 trigger=event
2026-07-08 14:33:04,841 | INFO | workflow.finished workflow_id=wf_ai_96792743 success=False
2026-07-08 14:33:56,737 | INFO | workflow.created workflow_id=wf_cb774abc8608 name=notify-only
2026-07-08 14:33:56,737 | INFO | workflow.triggered workflow_id=wf_cb774abc8608 trigger=event
2026-07-08 14:33:56,738 | INFO | notify message=hi
2026-07-08 14:33:56,738 | INFO | notify.sent message=hi
2026-07-08 14:33:56,739 | INFO | workflow.finished workflow_id=wf_cb774abc8608 success=True
2026-07-09 13:03:51,832 | INFO | workflow.created workflow_id=wf_d655f6f1fe46 name=cli_create
2026-07-09 13:03:51,835 | INFO | workflow.created workflow_id=wf_ai_43096834 name=Generated: notify me when done
2026-07-09 13:03:51,838 | INFO | workflow.created workflow_id=wf_946bd0dae393 name=move
2026-07-09 13:03:51,838 | INFO | workflow.triggered workflow_id=wf_946bd0dae393 trigger=manual
2026-07-09 13:03:51,839 | INFO | workflow.finished workflow_id=wf_946bd0dae393 success=True
2026-07-09 13:04:05,447 | INFO | workflow.created workflow_id=wf_815f16d5e269 name=cli_create
2026-07-09 13:04:05,451 | INFO | workflow.created workflow_id=wf_ai_43571104 name=Generated: notify me when done
2026-07-09 13:04:05,453 | INFO | workflow.created workflow_id=wf_e77a77c8bec1 name=move
2026-07-09 13:04:05,454 | INFO | workflow.triggered workflow_id=wf_e77a77c8bec1 trigger=manual
2026-07-09 13:04:05,456 | INFO | workflow.finished workflow_id=wf_e77a77c8bec1 success=True
2026-07-09 13:04:11,466 | INFO | workflow.created workflow_id=wf_c3ed18f6c1dd name=cli_create
2026-07-09 13:04:11,469 | INFO | workflow.created workflow_id=wf_ai_27762652 name=Generated: notify me when done
2026-07-09 13:04:11,471 | INFO | workflow.created workflow_id=wf_3c95aa93858a name=move
2026-07-09 13:04:11,471 | INFO | workflow.triggered workflow_id=wf_3c95aa93858a trigger=manual
2026-07-09 13:04:11,473 | INFO | workflow.finished workflow_id=wf_3c95aa93858a success=True
2026-07-09 13:06:01,173 | INFO | workflow.created workflow_id=wf_5593dc2441c3 name=cli_create
2026-07-09 13:06:01,175 | INFO | workflow.created workflow_id=wf_ai_46778559 name=Generated: notify me when done
2026-07-09 13:06:01,177 | INFO | workflow.created workflow_id=wf_0b937942450b name=move
2026-07-09 13:06:01,177 | INFO | workflow.triggered workflow_id=wf_0b937942450b trigger=manual
2026-07-09 13:06:01,179 | INFO | workflow.finished workflow_id=wf_0b937942450b success=True
